12:01:25 T:3027163456  NOTICE: special://profile/ is mapped to: special://masterprofile/
12:01:25 T:3027163456  NOTICE: -----------------------------------------------------------------------
12:01:25 T:3027163456  NOTICE: Starting Kodi (14.0-BETA1 Git:Unknown). Platform: Linux x86 32-bit
12:01:25 T:3027163456  NOTICE: Using Release Kodi x32 build
12:01:25 T:3027163456  NOTICE: Kodi compiled Nov  5 2014 by GCC 4.8.3 for Linux x86 32-bit version 3.14.20 (200212)
12:01:25 T:3027163456  NOTICE: Running on SifBoX 1.3.1, kernel: Linux x86 32-bit version 3.14.20
12:01:25 T:3027163456  NOTICE: FFmpeg version: 2.4.2
12:01:25 T:3027163456  NOTICE: WARNING: unsupported ffmpeg version detected
12:01:25 T:3027163456  NOTICE: Host CPU: Intel(R) Core(TM) i7-3770 CPU @ 3.40GHz, 1 core available
12:01:25 T:3027163456  NOTICE: special://xbmc/ is mapped to: /usr/share/kodi
12:01:25 T:3027163456  NOTICE: special://xbmcbin/ is mapped to: /usr/lib/kodi
12:01:25 T:3027163456  NOTICE: special://masterprofile/ is mapped to: /root/.kodi/userdata
12:01:25 T:3027163456  NOTICE: special://home/ is mapped to: /root/.kodi
12:01:25 T:3027163456  NOTICE: special://temp/ is mapped to: /root/.kodi/temp
12:01:25 T:3027163456  NOTICE: The executable running is: /usr/lib/kodi/kodi.bin
12:01:25 T:3027163456  NOTICE: Local hostname: sifbox
12:01:25 T:3027163456  NOTICE: Log File is located: /root/.kodi/temp/kodi.log
12:01:25 T:3027163456  NOTICE: -----------------------------------------------------------------------
12:01:25 T:3027163456   ERROR: DBus: Error org.freedesktop.DBus.Error.ServiceUnknown - The name org.freedesktop.UPower was not provided by any .service files
12:01:25 T:3027163456   ERROR: DBus: Error org.freedesktop.DBus.Error.ServiceUnknown - The name org.freedesktop.login1 was not provided by any .service files
12:01:25 T:3027163456   ERROR: Previous line repeats 4 times.
12:01:25 T:3027163456 WARNING: LogindUPowerSyscall - failed to inhibit sleep delay lock
12:01:25 T:3027163456  NOTICE: load settings...
12:01:25 T:3027163456  NOTICE: Found 1 Lists of Devices
12:01:25 T:3027163456  NOTICE: Enumerated ALSA devices:
12:01:25 T:3027163456  NOTICE:     Device 1
12:01:25 T:3027163456  NOTICE:         m_deviceName      : @:CARD=AudioPCI,DEV=0
12:01:25 T:3027163456  NOTICE:         m_displayName     : Ensoniq AudioPCI
12:01:25 T:3027163456  NOTICE:         m_displayNameExtra: ES1371 DAC2/ADC
12:01:25 T:3027163456  NOTICE:         m_deviceType      : AE_DEVTYPE_PCM
12:01:25 T:3027163456  NOTICE:         m_channels        : UNKNOWN1,FL,FR
12:01:25 T:3027163456  NOTICE:         m_sampleRates     : 48000
12:01:25 T:3027163456  NOTICE:         m_dataFormats     : AE_FMT_S16NE,AE_FMT_S16LE
12:01:25 T:3027163456  NOTICE: Loaded settings file from special://xbmc/system/advancedsettings.xml
12:01:25 T:3027163456  NOTICE: Contents of special://xbmc/system/advancedsettings.xml are...
                                            <?xml version="1.0" encoding="UTF-8" ?>
                                            <advancedsettings>
                                              <splash>true</splash>
                                              <showexitbutton>true</showexitbutton>
                                              <cputempcommand>cputemp</cputempcommand>
                                              <gputempcommand>gputemp</gputempcommand>
                                              <video>
                                                <latency>
                                                  <delay>0</delay>
                                                  <refresh>
                                                    <min>20</min>
                                                    <max>24</max>
                                                    <delay>175</delay>
                                                  </refresh>
                                                </latency>
                                              </video>
                                              <samba>
                                                <clienttimeout>30</clienttimeout>
                                              </samba>
                                            </advancedsettings>
12:01:25 T:3027163456  NOTICE: No settings file to load (special://masterprofile/advancedsettings.xml)
12:01:25 T:3027163456  NOTICE: Default DVD Player: dvdplayer
12:01:25 T:3027163456  NOTICE: Default Video Player: dvdplayer
12:01:25 T:3027163456  NOTICE: Default Audio Player: paplayer
12:01:25 T:3027163456  NOTICE: Disabled debug logging due to GUI setting. Level 0.
12:01:25 T:3027163456  NOTICE: Log level changed to "LOG_LEVEL_NORMAL"
12:01:25 T:3027163456  NOTICE: Loading player core factory settings from special://xbmc/system/playercorefactory.xml.
12:01:25 T:3027163456  NOTICE: Loaded playercorefactory configuration
12:01:25 T:3027163456  NOTICE: Loading player core factory settings from special://masterprofile/playercorefactory.xml.
12:01:25 T:3027163456  NOTICE: special://masterprofile/playercorefactory.xml does not exist. Skipping.
12:01:25 T:3025488704  NOTICE: Thread ActiveAE start, auto delete: false
12:01:25 T:3015703360  NOTICE: Thread AESink start, auto delete: false
12:01:25 T:3027163456  NOTICE: Running database version Addons16
12:01:25 T:3027163456  NOTICE: ADDONS: Using repository repository.xbmc.org
12:01:25 T:3005217600  NOTICE: Thread PeripBusCEC start, auto delete: false
12:01:25 T:2996824896  NOTICE: Thread PeripBusUSBUdev start, auto delete: false
12:01:25 T:3027163456  NOTICE: Setup SDL
12:01:25 T:3027163456  NOTICE: Checking resolution 16
12:01:25 T:3027163456 WARNING: CWinEventsX11::Init - no input method found
12:01:25 T:3027163456  NOTICE: Using visual 0x10f
12:01:25 T:3027163456  NOTICE: GL_VENDOR = VMware, Inc.
12:01:25 T:3027163456  NOTICE: GL_RENDERER = Gallium 0.4 on llvmpipe (LLVM 3.5, 256 bits)
12:01:25 T:3027163456  NOTICE: GL_VERSION = 3.0 Mesa 10.3.1
12:01:25 T:3027163456  NOTICE: GL_SHADING_LANGUAGE_VERSION = 1.30
12:01:25 T:3027163456  NOTICE: GL_EXTENSIONS = GL_ARB_multisample GL_EXT_abgr GL_EXT_bgra GL_EXT_blend_color GL_EXT_blend_minmax GL_EXT_blend_subtract GL_EXT_copy_texture GL_EXT_polygon_offset GL_EXT_subtexture GL_EXT_texture_object GL_EXT_vertex_array GL_EXT_compiled_vertex_array GL_EXT_texture GL_EXT_texture3D GL_IBM_rasterpos_clip GL_ARB_point_parameters GL_EXT_draw_range_elements GL_EXT_packed_pixels GL_EXT_point_parameters GL_EXT_rescale_normal GL_EXT_separate_specular_color GL_EXT_texture_edge_clamp GL_SGIS_generate_mipmap GL_SGIS_texture_border_clamp GL_SGIS_texture_edge_clamp GL_SGIS_texture_lod GL_ARB_framebuffer_sRGB GL_ARB_multitexture GL_EXT_framebuffer_sRGB GL_IBM_multimode_draw_arrays GL_IBM_texture_mirrored_repeat GL_ARB_texture_cube_map GL_ARB_texture_env_add GL_ARB_transpose_matrix GL_EXT_blend_func_separate GL_EXT_fog_coord GL_EXT_multi_draw_arrays GL_EXT_secondary_color GL_EXT_texture_env_add GL_EXT_texture_lod_bias GL_INGR_blend_func_separate GL_NV_blend_square GL_NV_light_max_exponent GL_NV_texgen_reflection GL_NV_texture_env_combine4 GL_SUN_multi_draw_arrays GL_ARB_texture_border_clamp GL_ARB_texture_compression GL_EXT_framebuffer_object GL_EXT_texture_env_combine GL_EXT_texture_env_dot3 GL_MESA_window_pos GL_NV_packed_depth_stencil GL_NV_texture_rectangle GL_ARB_depth_texture GL_ARB_occlusion_query GL_ARB_shadow GL_ARB_texture_env_combine GL_ARB_texture_env_crossbar GL_ARB_texture_env_dot3 GL_ARB_texture_mirrored_repeat GL_ARB_window_pos GL_EXT_stencil_two_side GL_EXT_texture_cube_map GL_NV_depth_clamp GL_NV_fog_distance GL_APPLE_packed_pixels GL_APPLE_vertex_array_object GL_ARB_draw_buffers GL_ARB_fragment_program GL_ARB_fragment_shader GL_ARB_shader_objects GL_ARB_vertex_program GL_ARB_vertex_shader GL_ATI_draw_buffers GL_ATI_texture_env_combine3 GL_ATI_texture_float GL_EXT_shadow_funcs GL_EXT_stencil_wrap GL_MESA_pack_invert GL_MESA_ycbcr_texture GL_NV_primitive_restart GL_ARB_depth_clamp GL_ARB_fragment_program_shadow GL_ARB_half_float_pixel GL_ARB_occlusion_query2 GL_ARB_point_sprite GL_ARB_shading_language_100 GL_ARB_sync GL_ARB_texture_non_power_of_two GL_ARB_vertex_buffer_object GL_ATI_blend_equation_separate GL_EXT_blend_equation_separate GL_OES_read_format GL_ARB_color_buffer_float GL_ARB_pixel_buffer_object GL_ARB_texture_compression_rgtc GL_ARB_texture_float GL_ARB_texture_rectangle GL_ATI_texture_compression_3dc GL_EXT_packed_float GL_EXT_pixel_buffer_object GL_EXT_texture_compression_rgtc GL_EXT_texture_mirror_clamp GL_EXT_texture_rectangle GL_EXT_texture_sRGB GL_EXT_texture_shared_exponent GL_ARB_framebuffer_object GL_EXT_framebuffer_blit GL_EXT_framebuffer_multisample GL_EXT_packed_depth_stencil GL_ARB_vertex_array_object GL_ATI_separate_stencil GL_ATI_texture_mirror_once GL_EXT_draw_buffers2 GL_EXT_draw_instanced GL_EXT_gpu_program_parameters GL_EXT_texture_array GL_EXT_texture_compression_latc GL_EXT_texture_integer GL_EXT_texture_sRGB_decode GL_EXT_timer_query GL_OES_EGL_image GL_ARB_copy_buffer GL_ARB_depth_buffer_float GL_ARB_draw_instanced GL_ARB_half_float_vertex GL_ARB_instanced_arrays GL_ARB_map_buffer_range GL_ARB_texture_rg GL_ARB_texture_swizzle GL_ARB_vertex_array_bgra GL_EXT_texture_swizzle GL_EXT_vertex_array_bgra GL_NV_conditional_render GL_AMD_conservative_depth GL_AMD_draw_buffers_blend GL_AMD_seamless_cubemap_per_texture GL_ARB_ES2_compatibility GL_ARB_blend_func_extended GL_ARB_debug_output GL_ARB_draw_buffers_blend GL_ARB_draw_elements_base_vertex GL_ARB_explicit_attrib_location GL_ARB_fragment_coord_conventions GL_ARB_provoking_vertex GL_ARB_sampler_objects GL_ARB_seamless_cube_map GL_ARB_shader_texture_lod GL_ARB_texture_multisample GL_ARB_texture_rgb10_a2ui GL_ARB_uniform_buffer_object GL_ARB_vertex_type_2_10_10_10_rev GL_EXT_provoking_vertex GL_EXT_texture_snorm GL_MESA_texture_signed_rgba GL_ARB_get_program_binary GL_ARB_robustness GL_ARB_separate_shader_objects GL_ARB_shader_bit_encoding GL_ARB_timer_query GL_ARB_transform_feedback2 GL_ARB_transform_feedback3 GL_ARB_compressed_texture_pixel_storage GL_ARB_conservative_depth GL_ARB_internalformat_query GL_ARB_map_buffer_alignment GL_ARB_shading_language_420pack GL_ARB_shading_language_packing GL_ARB_texture_storage GL_ARB_transform_feedback_instanced GL_EXT_framebuffer_multisample_blit_scaled GL_EXT_transform_feedback GL_AMD_shader_trinary_minmax GL_ARB_ES3_compatibility GL_ARB_clear_buffer_object GL_ARB_explicit_uniform_location GL_ARB_invalidate_subdata GL_ARB_stencil_texturing GL_ARB_texture_query_levels GL_ARB_texture_storage_multisample GL_ARB_vertex_attrib_binding GL_KHR_debug GL_ARB_multi_bind GL_ARB_seamless_cubemap_per_texture GL_ARB_texture_mirror_clamp_to_edge GL_ARB_vertex_type_10f_11f_11f_rev GL_EXT_shader_integer_mix GL_ARB_conditional_render_inverted
12:01:26 T:3027163456  NOTICE: Running database version Addons16
12:01:26 T:3027163456  NOTICE: Running database version ViewModes6
12:01:26 T:3027163456  NOTICE: Running database version Textures13
12:01:26 T:3027163456  NOTICE: Running database version MyMusic48
12:01:26 T:3027163456  NOTICE: Running database version MyVideos90
12:01:26 T:3027163456  NOTICE: Running database version TV26
12:01:26 T:3027163456  NOTICE: Running database version Epg8
12:01:26 T:3027163456  NOTICE: start dvd mediatype detection
12:01:26 T:3006434112  NOTICE: Thread DetectDVDMedia start, auto delete: false
12:01:26 T:3006434112 WARNING: Filesystem is not supported
12:01:26 T:3027163456 WARNING: JSONRPC: Could not parse type "PVR.Details.Channel"
12:01:26 T:3027163456 WARNING: JSONRPC: Could not parse type "PVR.Details.ChannelGroup.Extended"
12:01:26 T:3027163456 WARNING: JSONRPC: Could not parse type "GUI.Property.Value"
12:01:26 T:3027163456 WARNING: JSONRPC: Could not parse type "Setting.Details.SettingList"
12:01:26 T:3027163456  NOTICE: initialize done
12:01:26 T:3027163456  NOTICE: Running the application...
12:01:26 T:2937760576  NOTICE: Thread LanguageInvoker start, auto delete: false
12:01:26 T:2937760576  NOTICE: -->Python Interpreter Initialized<--
12:01:26 T:2912770880  NOTICE: Thread JobWorker start, auto delete: true
12:01:26 T:3027163456  NOTICE: starting zeroconf publishing
12:01:26 T:3027163456  NOTICE: ES: Starting event server
12:01:26 T:2879200064  NOTICE: Thread AlarmClock start, auto delete: false
12:01:26 T:2887592768  NOTICE: Thread TCPServer start, auto delete: false
12:01:26 T:2895985472  NOTICE: Thread EventServer start, auto delete: false
12:01:26 T:2895985472  NOTICE: ES: Starting UDP Event server on 0.0.0.0:9777
12:01:26 T:2895985472  NOTICE: UDP: Listening on port 9777
12:01:26 T:2904378176  NOTICE: Thread JobWorker start, auto delete: true
12:01:26 T:2950036288  NOTICE: Thread RSSReader start, auto delete: false
12:01:56 T:3027163456   ERROR: RunScript called for invalid add-on id 'service.xbmc.versioncheck'. Not a script.
