22:23:38 T:1950523392  NOTICE: special://profile/ is mapped to: special://masterprofile/
22:23:38 T:1950523392  NOTICE: -----------------------------------------------------------------------
22:23:38 T:1950523392  NOTICE: Starting Kodi (17.0-BETA3 Git:5~150b669-1). Platform: Linux ARM 32-bit
22:23:38 T:1950523392  NOTICE: Using Release Kodi x32 build (version for Raspberry Pi)
22:23:38 T:1950523392  NOTICE: Kodi compiled Oct  4 2016 by GCC 4.8.3 for Linux ARM 32-bit version 4.1.10 (262410)
22:23:38 T:1950523392  NOTICE: Running on SifBoX devel-2.0.0-20161002-rbf224bc, kernel: Linux ARM 32-bit version 4.1.10
22:23:38 T:1950523392  NOTICE: FFmpeg version/source: 3.1.3
22:23:38 T:1950523392  NOTICE: Host CPU: ARMv7 Processor rev 5 (v7l), 4 cores available
22:23:38 T:1950523392  NOTICE: ARM Features: Neon enabled
22:23:38 T:1950523392  NOTICE: special://xbmc/ is mapped to: /usr/share/kodi
22:23:38 T:1950523392  NOTICE: special://xbmcbin/ is mapped to: /usr/lib/kodi
22:23:38 T:1950523392  NOTICE: special://xbmcbinaddons/ is mapped to: /usr/lib/kodi/addons
22:23:38 T:1950523392  NOTICE: special://masterprofile/ is mapped to: /root/.kodi/userdata
22:23:38 T:1950523392  NOTICE: special://envhome/ is mapped to: /root
22:23:38 T:1950523392  NOTICE: special://home/ is mapped to: /root/.kodi
22:23:38 T:1950523392  NOTICE: special://temp/ is mapped to: /root/.kodi/temp
22:23:38 T:1950523392  NOTICE: special://logpath/ is mapped to: /root/.kodi/temp
22:23:38 T:1950523392  NOTICE: The executable running is: /usr/lib/kodi/kodi.bin
22:23:38 T:1950523392  NOTICE: Local hostname: sifbox
22:23:38 T:1950523392  NOTICE: Log File is located: /root/.kodi/temp//kodi.log
22:23:38 T:1950523392  NOTICE: -----------------------------------------------------------------------
22:23:38 T:1950523392  NOTICE: load settings...
22:23:38 T:1950523392  NOTICE: Found 1 Lists of Devices
22:23:38 T:1950523392  NOTICE: Enumerated PI devices:
22:23:38 T:1950523392  NOTICE:     Device 1
22:23:38 T:1950523392  NOTICE:         m_deviceName      : HDMI
22:23:38 T:1950523392  NOTICE:         m_displayName     : HDMI
22:23:38 T:1950523392  NOTICE:         m_displayNameExtra:
22:23:38 T:1950523392  NOTICE:         m_deviceType      : AE_DEVTYPE_HDMI
22:23:38 T:1950523392  NOTICE:         m_channels        : FL,FR
22:23:38 T:1950523392  NOTICE:         m_sampleRates     : 8000,11025,16000,22050,24000,32000,44100,48000,88200,96000,176400,192000
22:23:38 T:1950523392  NOTICE:         m_dataFormats     : AE_FMT_FLOAT,AE_FMT_S32NE,AE_FMT_S16NE,AE_FMT_S32LE,AE_FMT_S16LE,AE_FMT_FLOATP,AE_FMT_S32NEP,AE_FMT_S16NEP,AE_FMT_RAW
22:23:38 T:1950523392  NOTICE:         m_streamTypes     : STREAM_TYPE_AC3,STREAM_TYPE_EAC3,STREAM_TYPE_DTSHD_CORE,STREAM_TYPE_DTS_2048,STREAM_TYPE_DTS_1024,STREAM_TYPE_DTS_512
22:23:38 T:1950523392  NOTICE:     Device 2
22:23:38 T:1950523392  NOTICE:         m_deviceName      : Analogue
22:23:38 T:1950523392  NOTICE:         m_displayName     : Analogue
22:23:38 T:1950523392  NOTICE:         m_displayNameExtra:
22:23:38 T:1950523392  NOTICE:         m_deviceType      : AE_DEVTYPE_PCM
22:23:38 T:1950523392  NOTICE:         m_channels        : FL,FR
22:23:38 T:1950523392  NOTICE:         m_sampleRates     : 48000
22:23:38 T:1950523392  NOTICE:         m_dataFormats     : AE_FMT_FLOAT,AE_FMT_S32LE,AE_FMT_S16LE,AE_FMT_FLOATP,AE_FMT_S32NEP,AE_FMT_S16NEP
22:23:38 T:1950523392  NOTICE:         m_streamTypes     : No passthrough capabilities
22:23:38 T:1950523392  NOTICE:     Device 3
22:23:38 T:1950523392  NOTICE:         m_deviceName      : Both
22:23:38 T:1950523392  NOTICE:         m_displayName     : HDMI and Analogue
22:23:38 T:1950523392  NOTICE:         m_displayNameExtra:
22:23:38 T:1950523392  NOTICE:         m_deviceType      : AE_DEVTYPE_PCM
22:23:38 T:1950523392  NOTICE:         m_channels        : FL,FR
22:23:38 T:1950523392  NOTICE:         m_sampleRates     : 48000
22:23:38 T:1950523392  NOTICE:         m_dataFormats     : AE_FMT_FLOAT,AE_FMT_S32LE,AE_FMT_S16LE,AE_FMT_FLOATP,AE_FMT_S32NEP,AE_FMT_S16NEP
22:23:38 T:1950523392  NOTICE:         m_streamTypes     : No passthrough capabilities
22:23:38 T:1950523392  NOTICE: Loaded settings file from special://xbmc/system/advancedsettings.xml
22:23:38 T:1950523392  NOTICE: Contents of special://xbmc/system/advancedsettings.xml are...
                                            <?xml version="1.0" encoding="UTF-8" ?>
                                            <advancedsettings>
                                              <video>
                                                <defaultplayer>VideoPlayer</defaultplayer>
                                                <defaultVideoPlayer>VideoPlayer</defaultVideoPlayer>
                                              </video>
                                            </advancedsettings>
22:23:38 T:1950523392  NOTICE: Loaded settings file from special://profile/advancedsettings.xml
22:23:38 T:1950523392  NOTICE: Contents of special://profile/advancedsettings.xml are...
                                            <advancedsettings>
                                              <useddsfanart>true</useddsfanart>
                                              <showexitbutton>true</showexitbutton>
                                              <gputempcommand>sed -e &apos;s/\([0-9]*\)[0-9]\{3\}.*/\1 C/&apos; /sys/class/thermal/thermal_zone0/temp</gputempcommand>
                                              <video>
                                                <defaultplayer>omxplayer</defaultplayer>
                                                <defaultdvdplayer>omxplayer</defaultdvdplayer>
                                              </video>
                                              <audio>
                                                <defaultplayer>omxplayer</defaultplayer>
                                                <streamsilence>false</streamsilence>
                                              </audio>
                                              <network>
                                                <cachemembuffersize>5242880</cachemembuffersize>
                                                <readbufferfactor>4.0</readbufferfactor>
                                              </network>
                                              <samba>
                                                <clienttimeout>10</clienttimeout>
                                              </samba>
                                              <fullscreen>true</fullscreen>
                                              <libass>
                                                <styleoverrides>
                                                  <style name="Shadow" value="0" />
                                                  <style name="Blur" value="0" />
                                                  <style name="BorderStyle" value="0" />
                                                </styleoverrides>
                                              </libass>
                                            </advancedsettings>
22:23:38 T:1950523392  NOTICE: Default Video Player: omxplayer
22:23:38 T:1950523392  NOTICE: Default Audio Player: omxplayer
22:23:38 T:1950523392  NOTICE: Disabled debug logging due to GUI setting. Level 0.
22:23:38 T:1950523392  NOTICE: Log level changed to "LOG_LEVEL_NORMAL"
22:23:38 T:1950523392  NOTICE: CMediaSourceSettings: loading media sources from special://masterprofile/sources.xml
22:23:38 T:1950523392  NOTICE: Loading player core factory settings from special://xbmc/system/playercorefactory.xml.
22:23:38 T:1950523392  NOTICE: Loaded playercorefactory configuration
22:23:38 T:1950523392  NOTICE: Loading player core factory settings from special://masterprofile/playercorefactory.xml.
22:23:38 T:1950523392  NOTICE: special://masterprofile/playercorefactory.xml does not exist. Skipping.
22:23:38 T:1950523392  NOTICE: Running database version Addons26
22:23:39 T:1950523392  NOTICE: ADDONS: Using repository repository.xbmc.org
22:23:39 T:1950523392  NOTICE: Raspberry PI firmware version: Mar  4 2016 17:53:16 
                                            Copyright (c) 2012 Broadcom
                                            version 764f403f69e25e8a014c24f8a26f057960331205 (clean) (release)
22:23:39 T:1950523392  NOTICE: ARM mem: 752MB GPU mem: 256MB MPG2:1 WVC1:1
22:23:39 T:1950523392  NOTICE: Config:
                                            arm_freq=900
                                            audio_pwm_mode=1
                                            audio_sdm_mod_order=2
                                            config_hdmi_boost=5
                                            disable_l2cache=1
                                            emmc_pll_core=1
                                            force_eeprom_read=1
                                            force_pwm_open=1
                                            framebuffer_ignore_alpha=1
                                            framebuffer_swap=1
                                            hdmi_channel_map=8
                                            hdmi_force_cec_address=65535
                                            hdmi_ignore_cec_init=1
                                            init_uart_clock=0x2dc6c0
                                            lcd_framerate=60
                                            over_voltage_avs=0x1b774
                                            overscan_bottom=48
                                            overscan_left=48
                                            overscan_right=48
                                            overscan_top=48
                                            pause_burst_frames=1
                                            program_serial_random=1
                                            sdram_freq=450
                                            temp_limit=85
22:23:39 T:1950523392  NOTICE: Config:
                                            decode_MPG2=0xac0ab958
                                            decode_WVC1=0xbdcbd2bf
                                            device_tree=-
22:23:39 T:1950523392  NOTICE: InitWindowSystem: Using EGL Implementation: raspberrypi
22:23:39 T:1950523392  NOTICE: Found resolution 640 x 480 for display 0 with 640 x 480 @ 60.000000 Hz
22:23:39 T:1950523392  NOTICE: Found resolution 640 x 480 for display 0 with 640 x 480 @ 59.940063 Hz
22:23:39 T:1950523392  NOTICE: Found resolution 800 x 600 for display 0 with 800 x 600 @ 60.000000 Hz
22:23:39 T:1950523392  NOTICE: Found resolution 800 x 600 for display 0 with 800 x 600 @ 59.940063 Hz
22:23:39 T:1950523392  NOTICE: Found resolution 960 x 720 for display 0 with 1024 x 768 @ 60.000000 Hz
22:23:39 T:1950523392  NOTICE: Found resolution 960 x 720 for display 0 with 1024 x 768 @ 59.940063 Hz
22:23:39 T:1950523392  NOTICE: Found resolution 900 x 720 for display 0 with 1280 x 1024 @ 60.000000 Hz
22:23:39 T:1950523392  NOTICE: Found resolution 900 x 720 for display 0 with 1280 x 1024 @ 59.940063 Hz
22:23:39 T:1950523392  NOTICE: Found resolution 720 x 480 for display 0 with 720 x 480 @ 60.000000 Hz
22:23:39 T:1950523392  NOTICE: Found resolution 720 x 480 for display 0 with 720 x 480 @ 59.940063 Hz
22:23:39 T:1950523392  NOTICE: Found resolution 1280 x 720 for display 0 with 1280 x 720 @ 60.000000 Hz
22:23:39 T:1950523392  NOTICE: Found resolution 1280 x 720 for display 0 with 1280 x 720 @ 59.940063 Hz
22:23:39 T:1950523392  NOTICE: Found resolution 1280 x 720 for display 0 with 1920 x 1080 @ 60.000000 Hz
22:23:39 T:1950523392  NOTICE: Found resolution 1280 x 720 for display 0 with 1920 x 1080 @ 59.940063 Hz
22:23:39 T:1950523392  NOTICE: Found resolution 720 x 576 for display 0 with 720 x 576 @ 50.000000 Hz
22:23:39 T:1950523392  NOTICE: Found resolution 1280 x 720 for display 0 with 1280 x 720 @ 50.000000 Hz
22:23:39 T:1950523392  NOTICE: Found resolution 1280 x 720 for display 0 with 1920 x 1080 @ 50.000000 Hz
22:23:39 T:1950523392  NOTICE: Found resolution 1280 x 720 for display 0 with 1920 x 1080 @ 24.000000 Hz
22:23:39 T:1950523392  NOTICE: Found resolution 1280 x 720 for display 0 with 1920 x 1080 @ 23.976025 Hz
22:23:39 T:1950523392  NOTICE: Found (1280x720@60.000000) at 28, setting to RES_DESKTOP at 16
22:23:39 T:1950523392  NOTICE: Checking resolution 16
22:23:40 T:1950523392  NOTICE: GL_VENDOR = Broadcom
22:23:40 T:1950523392  NOTICE: GL_RENDERER = VideoCore IV HW
22:23:40 T:1950523392  NOTICE: GL_VERSION = OpenGL ES 2.0
22:23:40 T:1950523392  NOTICE: GL_SHADING_LANGUAGE_VERSION = OpenGL ES GLSL ES 1.00
22:23:40 T:1950523392  NOTICE: GL_EXTENSIONS = GL_OES_compressed_ETC1_RGB8_texture GL_OES_compressed_paletted_texture GL_OES_texture_npot GL_OES_depth24 GL_OES_vertex_half_float GL_OES_EGL_image GL_OES_EGL_image_external GL_EXT_discard_framebuffer GL_OES_rgb8_rgba8 GL_OES_depth32 GL_OES_mapbuffer GL_EXT_texture_format_BGRA8888 GL_APPLE_rgb_422 GL_EXT_debug_marker
22:23:42 T:1950523392  NOTICE: Running database version Addons26
22:23:42 T:1950523392  NOTICE: Running database version ViewModes6
22:23:42 T:1950523392  NOTICE: Running database version Textures13
22:23:42 T:1950523392  NOTICE: Running database version MyMusic60
22:23:42 T:1950523392  NOTICE: Running database version MyVideos107
22:23:42 T:1950523392  NOTICE: Running database version TV29
22:23:42 T:1950523392  NOTICE: Running database version Epg11
22:23:42 T:1950523392  NOTICE: start dvd mediatype detection
22:23:43 T:1822602144  NOTICE: Register - new cec device registered on cec->RPI: CEC Adapter (2708:1001)
22:23:43 T:1950523392 WARNING: JSONRPC: Could not parse type "Setting.Details.SettingList"
22:23:43 T:1950523392   ERROR: JSONRPC: Unable to parse JSON Schema definition for ""
22:23:43 T:1950523392   ERROR: JSONRPC: Invalid JSON Schema definition for method ""
22:23:45 T:1950523392  NOTICE: initialize done
22:23:45 T:1950523392  NOTICE: Running the application...
22:23:45 T:1950523392  NOTICE: starting zeroconf publishing
22:23:45 T:1950523392  NOTICE: CWebServer[8080]: Started
22:23:45 T:1950523392  NOTICE: starting upnp client
22:23:45 T:1950523392  NOTICE: starting upnp renderer
22:23:45 T:1606415264  NOTICE: ES: Starting UDP Event server on port 9777
22:23:45 T:1606415264  NOTICE: UDP: Listening on port 9777 (ipv6 : false)
22:23:45 T:1757410208   ERROR: GetDirectory - Error getting
22:23:45 T:1757410208   ERROR: GetDirectory - Error getting pvr://channels/tv/*?view=lastplayed
22:23:45 T:1930425248   ERROR: GetDirectory - Error getting pvr://recordings/tv/active?view=flat
22:23:45 T:1757410208   ERROR: GetDirectory - Error getting pvr://channels/radio/*?view=lastplayed
22:23:45 T:1930425248   ERROR: GetDirectory - Error getting pvr://recordings/radio/active?view=flat
22:24:27 T:1950523392  NOTICE: Storing total System Uptime
22:24:27 T:1950523392  NOTICE: Saving settings
22:24:28 T:1950523392  NOTICE: Saving skin settings
22:24:28 T:1950523392  NOTICE: stop all
22:24:28 T:1950523392  NOTICE: stop player
22:24:28 T:1950523392  NOTICE: ES: Stopping event server
22:24:28 T:1950523392  NOTICE: stopping upnp
22:24:28 T:1950523392  NOTICE: stopping zeroconf publishing
22:24:28 T:1950523392  NOTICE: CWebServer[8080]: Stopped
22:24:28 T:1606415264  NOTICE: ES: UDP Event server stopped
22:24:28 T:1950523392  NOTICE: stop dvd detect media
22:24:29 T:1950523392  NOTICE: clean cached files!
22:24:29 T:1950523392  NOTICE: closing down remote control service
22:24:29 T:1950523392  NOTICE: stopped
22:24:30 T:1950523392  NOTICE: destroy
22:24:30 T:1950523392  NOTICE: unload skin
22:24:30 T:1950523392  NOTICE: unload sections
22:24:30 T:1950523392  NOTICE: special://profile/ is mapped to: special://masterprofile/
22:24:30 T:1950523392  NOTICE: application stopped...
